Arguments: 
  C:\Program Files\nodejs\node.exe C:\Users\Hassan Amjad\AppData\Roaming\npm\node_modules\yarn\bin\yarn.js remove babel-cli

PATH: 
  C:\Program Files (x86)\Common Files\Intel\Shared Files\cpp\bin\Intel64;C:\WINDOWS\system32;C:\WINDOWS;C:\WINDOWS\System32\Wbem;C:\WINDOWS\System32\WindowsPowerShell\v1.0\;C:\Program Files (x86)\NVIDIA Corporation\PhysX\Common;C:\Program Files\Git\cmd;C:\WINDOWS\system32\config\systemprofile\.dnx\bin;C:\Program Files\Microsoft DNX\Dnvm\;C:\Program Files\Microsoft SQL Server\120\Tools\Binn\;C:\Program Files\nodejs\;C:\Program Files\Microsoft SQL Server\Client SDK\ODBC\110\Tools\Binn\;C:\Program Files (x86)\Microsoft SQL Server\120\Tools\Binn\ManagementStudio\;C:\Program Files (x86)\Microsoft SQL Server\120\Tools\Binn\;C:\Program Files (x86)\Microsoft SQL Server\120\DTS\Binn\;C:\Program Files\Microsoft SQL Server\120\DTS\Binn\;C:\Program Files (x86)\Microsoft SQL Server\Client SDK\ODBC\110\Tools\Binn\;C:\Users\Hassan Amjad\AppData\Local\Microsoft\WindowsApps;C:\Program Files\Microsoft VS Code\bin;C:\Program Files\MongoDB\Server\3.6\bin;C:\Users\Hassan Amjad\AppData\Roaming\npm

Yarn version: 
  1.5.1

Node version: 
  9.8.0

Platform: 
  win32 x64

npm manifest: 
  No manifest

yarn manifest: 
  No manifest

Lockfile: 
  No lockfile

Trace: 
  Error: No lockfile in this directory. Run `yarn install` to generate one.
      at new MessageError (C:\Users\Hassan Amjad\AppData\Roaming\npm\node_modules\yarn\lib\cli.js:186:110)
      at C:\Users\Hassan Amjad\AppData\Roaming\npm\node_modules\yarn\lib\cli.js:89389:13
      at <anonymous>
